The C compiler identification could not be found in "/home/sergei/Projects/Projectc++/TP-C-SEMESTR1/iz-1/cmake-build-debug-coverage/CMakeFiles/3.17.3/CompilerIdC/CMakeCCompilerId.gcno"

The CXX compiler identification could not be found in "/home/sergei/Projects/Projectc++/TP-C-SEMESTR1/iz-1/cmake-build-debug-coverage/CMakeFiles/3.17.3/CompilerIdCXX/CMakeCXXCompilerId.gcno"

Performing C SOURCE FILE Test CMAKE_HAVE_LIBC_PTHREAD failed with the following output:
Change Dir: /home/sergei/Projects/Projectc++/TP-C-SEMESTR1/iz-1/cmake-build-debug-coverage/CMakeFiles/CMakeTmp

Run Build Command(s):/usr/bin/make cmTC_7bf4d/fast && /usr/bin/make  -f CMakeFiles/cmTC_7bf4d.dir/build.make CMakeFiles/cmTC_7bf4d.dir/build
make[1]: вход в каталог «/home/sergei/Projects/Projectc++/TP-C-SEMESTR1/iz-1/cmake-build-debug-coverage/CMakeFiles/CMakeTmp»
Building C object CMakeFiles/cmTC_7bf4d.dir/src.c.o
/usr/bin/cc   --coverage -DCMAKE_HAVE_LIBC_PTHREAD   -o CMakeFiles/cmTC_7bf4d.dir/src.c.o   -c /home/sergei/Projects/Projectc++/TP-C-SEMESTR1/iz-1/cmake-build-debug-coverage/CMakeFiles/CMakeTmp/src.c
Linking C executable cmTC_7bf4d
/home/sergei/Programs/clion-2020.1.2/bin/cmake/linux/bin/cmake -E cmake_link_script CMakeFiles/cmTC_7bf4d.dir/link.txt --verbose=1
/usr/bin/cc --coverage -DCMAKE_HAVE_LIBC_PTHREAD    -rdynamic CMakeFiles/cmTC_7bf4d.dir/src.c.o  -o cmTC_7bf4d 
CMakeFiles/cmTC_7bf4d.dir/src.c.o: In function `main':
src.c:(.text+0x62): undefined reference to `pthread_create'
src.c:(.text+0x80): undefined reference to `pthread_detach'
src.c:(.text+0x9e): undefined reference to `pthread_cancel'
src.c:(.text+0xc1): undefined reference to `pthread_join'
src.c:(.text+0xe7): undefined reference to `pthread_atfork'
collect2: error: ld returned 1 exit status
CMakeFiles/cmTC_7bf4d.dir/build.make:106: recipe for target 'cmTC_7bf4d' failed
make[1]: *** [cmTC_7bf4d] Error 1
make[1]: выход из каталога «/home/sergei/Projects/Projectc++/TP-C-SEMESTR1/iz-1/cmake-build-debug-coverage/CMakeFiles/CMakeTmp»
Makefile:141: recipe for target 'cmTC_7bf4d/fast' failed
make: *** [cmTC_7bf4d/fast] Error 2


Source file was:
#include <pthread.h>

void* test_func(void* data)
{
  return data;
}

int main(void)
{
  pthread_t thread;
  pthread_create(&thread, NULL, test_func, NULL);
  pthread_detach(thread);
  pthread_cancel(thread);
  pthread_join(thread, NULL);
  pthread_atfork(NULL, NULL, NULL);
  pthread_exit(NULL);

  return 0;
}

Determining if the function pthread_create exists in the pthreads failed with the following output:
Change Dir: /home/sergei/Projects/Projectc++/TP-C-SEMESTR1/iz-1/cmake-build-debug-coverage/CMakeFiles/CMakeTmp

Run Build Command(s):/usr/bin/make cmTC_fb8bd/fast && /usr/bin/make  -f CMakeFiles/cmTC_fb8bd.dir/build.make CMakeFiles/cmTC_fb8bd.dir/build
make[1]: вход в каталог «/home/sergei/Projects/Projectc++/TP-C-SEMESTR1/iz-1/cmake-build-debug-coverage/CMakeFiles/CMakeTmp»
Building C object CMakeFiles/cmTC_fb8bd.dir/CheckFunctionExists.c.o
/usr/bin/cc   --coverage -DCHECK_FUNCTION_EXISTS=pthread_create   -o CMakeFiles/cmTC_fb8bd.dir/CheckFunctionExists.c.o   -c /home/sergei/Programs/clion-2020.1.2/bin/cmake/linux/share/cmake-3.17/Modules/CheckFunctionExists.c
Linking C executable cmTC_fb8bd
/home/sergei/Programs/clion-2020.1.2/bin/cmake/linux/bin/cmake -E cmake_link_script CMakeFiles/cmTC_fb8bd.dir/link.txt --verbose=1
/usr/bin/cc --coverage -DCHECK_FUNCTION_EXISTS=pthread_create    -rdynamic CMakeFiles/cmTC_fb8bd.dir/CheckFunctionExists.c.o  -o cmTC_fb8bd  -lpthreads 
/usr/bin/ld: cannot find -lpthreads
collect2: error: ld returned 1 exit status
CMakeFiles/cmTC_fb8bd.dir/build.make:106: recipe for target 'cmTC_fb8bd' failed
make[1]: *** [cmTC_fb8bd] Error 1
make[1]: выход из каталога «/home/sergei/Projects/Projectc++/TP-C-SEMESTR1/iz-1/cmake-build-debug-coverage/CMakeFiles/CMakeTmp»
Makefile:141: recipe for target 'cmTC_fb8bd/fast' failed
make: *** [cmTC_fb8bd/fast] Error 2



